SF:/home/rafaelschueng/projects/B3.Desafio.Sinacor/back/B3.Desafio.Sinacor/Services/Calculator.cs
FN:17,System.Decimal B3.Desafio.Sinacor.Services.Calculator::CalculateCDI(System.Decimal)
FNDA:15,System.Decimal B3.Desafio.Sinacor.Services.Calculator::CalculateCDI(System.Decimal)
DA:18,15
DA:19,15
DA:20,15
FN:21,System.Decimal B3.Desafio.Sinacor.Services.Calculator::CalculateCdiTax(System.Decimal,System.Decimal,System.Int32)
FNDA:14,System.Decimal B3.Desafio.Sinacor.Services.Calculator::CalculateCdiTax(System.Decimal,System.Decimal,System.Int32)
DA:22,14
DA:23,22
DA:24,10
DA:25,3
DA:26,1
DA:27,14
BRDA:23,10,0,8
BRDA:23,10,1,6
BRDA:24,49,0,4
BRDA:24,49,1,2
BRDA:25,88,0,1
BRDA:25,88,1,1
FN:28,System.Collections.Generic.IEnumerable`1<B3.Desafio.Sinacor.Controllers.Response.Incomes> B3.Desafio.Sinacor.Services.Calculator::CalculateCDIByMonth(System.Decimal,System.UInt32)
FNDA:2,System.Collections.Generic.IEnumerable`1<B3.Desafio.Sinacor.Controllers.Response.Incomes> B3.Desafio.Sinacor.Services.Calculator::CalculateCDIByMonth(System.Decimal,System.UInt32)
DA:29,2
DA:30,3
DA:32,1
DA:33,22
DA:34,10
DA:35,10
DA:36,1
DA:37,1
DA:38,1
DA:39,1
DA:40,1
DA:41,1
DA:42,1
DA:43,1
DA:44,1
DA:45,1
DA:46,1
DA:47,1
DA:49,9
DA:50,9
DA:51,9
DA:52,9
DA:53,9
DA:54,9
DA:55,9
DA:56,9
DA:57,9
DA:58,9
DA:59,9
DA:60,9
DA:61,10
DA:63,1
DA:64,1
BRDA:30,14,0,1
BRDA:30,14,1,1
BRDA:33,304,1,10
BRDA:35,48,0,1
BRDA:35,48,1,9
BRDA:33,304,0,1
LF:42
LH:42
BRF:12
BRH:12
FNF:3
FNH:3
end_of_record
SF:/home/rafaelschueng/projects/B3.Desafio.Sinacor/back/B3.Desafio.Sinacor/Controllers/Response/Incomes.cs
FN:3,System.Decimal B3.Desafio.Sinacor.Controllers.Response.Incomes::get_Income()
FNDA:19,System.Decimal B3.Desafio.Sinacor.Controllers.Response.Incomes::get_Income()
DA:4,19
FN:4,System.Decimal B3.Desafio.Sinacor.Controllers.Response.Incomes::get_NetValue()
FNDA:10,System.Decimal B3.Desafio.Sinacor.Controllers.Response.Incomes::get_NetValue()
DA:5,10
FN:5,System.Decimal B3.Desafio.Sinacor.Controllers.Response.Incomes::get_Tax()
FNDA:10,System.Decimal B3.Desafio.Sinacor.Controllers.Response.Incomes::get_Tax()
DA:6,10
FN:6,System.String B3.Desafio.Sinacor.Controllers.Response.Incomes::get_Month()
FNDA:10,System.String B3.Desafio.Sinacor.Controllers.Response.Incomes::get_Month()
DA:7,10
LF:4
LH:4
BRF:0
BRH:0
FNF:4
FNH:4
end_of_record