SF:/home/rafaelschueng/projects/B3.Desafio.Sinacor/back/B3.Desafio.Sinacor/Program.cs
FN:5,System.Void B3.Desafio.Sinacor.Program::Main(System.String[])
FNDA:0,System.Void B3.Desafio.Sinacor.Program::Main(System.String[])
DA:6,0
DA:7,0
DA:11,0
DA:13,0
DA:14,0
DA:16,0
DA:19,0
DA:20,0
DA:21,0
DA:22,0
DA:23,0
DA:25,0
DA:27,0
DA:29,0
DA:31,0
DA:32,0
BRDA:19,65,0,0
BRDA:19,65,1,0
LF:16
LH:0
BRF:2
BRH:0
FNF:1
FNH:0
end_of_record
SF:/home/rafaelschueng/projects/B3.Desafio.Sinacor/back/B3.Desafio.Sinacor/Services/Calculator.cs
FN:17,System.Decimal B3.Desafio.Sinacor.Services.Calculator::CalculateCDI(System.Decimal)
FNDA:2,System.Decimal B3.Desafio.Sinacor.Services.Calculator::CalculateCDI(System.Decimal)
DA:18,2
DA:19,2
DA:20,2
FN:21,System.Decimal B3.Desafio.Sinacor.Services.Calculator::CalculateCdiTax(System.Decimal,System.Decimal,System.Int32)
FNDA:1,System.Decimal B3.Desafio.Sinacor.Services.Calculator::CalculateCdiTax(System.Decimal,System.Decimal,System.Int32)
DA:22,1
DA:23,2
DA:24,0
DA:25,0
DA:26,0
DA:27,1
BRDA:23,10,0,1
BRDA:23,10,1,0
BRDA:24,49,0,0
BRDA:24,49,1,0
BRDA:25,88,0,0
BRDA:25,88,1,0
FN:28,System.Collections.Generic.IEnumerable`1<B3.Desafio.Sinacor.Controllers.Response.Incomes> B3.Desafio.Sinacor.Services.Calculator::CalculateCDIByMonth(System.Decimal,System.UInt32)
FNDA:0,System.Collections.Generic.IEnumerable`1<B3.Desafio.Sinacor.Controllers.Response.Incomes> B3.Desafio.Sinacor.Services.Calculator::CalculateCDIByMonth(System.Decimal,System.UInt32)
DA:29,0
DA:30,0
DA:32,0
DA:33,0
DA:34,0
DA:35,0
DA:36,0
DA:37,0
DA:38,0
DA:39,0
DA:40,0
DA:41,0
DA:42,0
DA:43,0
DA:44,0
DA:45,0
DA:46,0
DA:47,0
DA:49,0
DA:50,0
DA:51,0
DA:52,0
DA:53,0
DA:54,0
DA:55,0
DA:56,0
DA:57,0
DA:58,0
DA:59,0
DA:60,0
DA:61,0
DA:63,0
DA:64,0
BRDA:30,14,0,0
BRDA:30,14,1,0
BRDA:33,304,1,0
BRDA:35,48,0,0
BRDA:35,48,1,0
BRDA:33,304,0,0
LF:42
LH:6
BRF:12
BRH:1
FNF:3
FNH:2
end_of_record
SF:/home/rafaelschueng/projects/B3.Desafio.Sinacor/back/B3.Desafio.Sinacor/Controllers/Response/CdiResponseDTO.cs
FN:3,System.Decimal B3.Desafio.Sinacor.Controllers.Response.CdiResponseDto::get_InitialValue()
FNDA:0,System.Decimal B3.Desafio.Sinacor.Controllers.Response.CdiResponseDto::get_InitialValue()
DA:4,0
FN:4,System.Collections.Generic.IEnumerable`1<B3.Desafio.Sinacor.Controllers.Response.Incomes> B3.Desafio.Sinacor.Controllers.Response.CdiResponseDto::get_Incomes()
FNDA:0,System.Collections.Generic.IEnumerable`1<B3.Desafio.Sinacor.Controllers.Response.Incomes> B3.Desafio.Sinacor.Controllers.Response.CdiResponseDto::get_Incomes()
DA:5,0
LF:2
LH:0
BRF:0
BRH:0
FNF:2
FNH:0
end_of_record
SF:/home/rafaelschueng/projects/B3.Desafio.Sinacor/back/B3.Desafio.Sinacor/Controllers/Response/Incomes.cs
FN:3,System.Decimal B3.Desafio.Sinacor.Controllers.Response.Incomes::get_Income()
FNDA:0,System.Decimal B3.Desafio.Sinacor.Controllers.Response.Incomes::get_Income()
DA:4,0
FN:4,System.Decimal B3.Desafio.Sinacor.Controllers.Response.Incomes::get_NetValue()
FNDA:0,System.Decimal B3.Desafio.Sinacor.Controllers.Response.Incomes::get_NetValue()
DA:5,0
FN:5,System.Decimal B3.Desafio.Sinacor.Controllers.Response.Incomes::get_Tax()
FNDA:0,System.Decimal B3.Desafio.Sinacor.Controllers.Response.Incomes::get_Tax()
DA:6,0
FN:6,System.String B3.Desafio.Sinacor.Controllers.Response.Incomes::get_Month()
FNDA:0,System.String B3.Desafio.Sinacor.Controllers.Response.Incomes::get_Month()
DA:7,0
LF:4
LH:0
BRF:0
BRH:0
FNF:4
FNH:0
end_of_record